
> @tx/cli@0.1.0 build
> tsc -b

src/commands/sync.ts(8,29): error TS2307: Cannot find module '../help.js' or its corresponding type declarations.
src/commands/sync.ts(58,39): error TS2551: Property 'exportAll' does not exist on type '{ readonly export: (path?: string | undefined) => Effect<ExportResult, DatabaseError, never>; readonly import: (path?: string | undefined) => Effect<ImportResult, ValidationError | DatabaseError, never>; ... 6 more ...; readonly setLastImport: (timestamp: Date) => Effect<...>; }'. Did you mean 'export'?
src/commands/sync.ts(98,39): error TS2551: Property 'importAll' does not exist on type '{ readonly export: (path?: string | undefined) => Effect<ExportResult, DatabaseError, never>; readonly import: (path?: string | undefined) => Effect<ImportResult, ValidationError | DatabaseError, never>; ... 6 more ...; readonly setLastImport: (timestamp: Date) => Effect<...>; }'. Did you mean 'import'?
npm error Lifecycle script `build` failed with error:
npm error code 1
npm error path /Users/jamesaphoenix/Desktop/projects/just_understanding_data/tx/apps/cli
npm error workspace @tx/cli@0.1.0
npm error location /Users/jamesaphoenix/Desktop/projects/just_understanding_data/tx/apps/cli
npm error command failed
npm error command sh -c tsc -b
